<?xml version="1.0" encoding="UTF-8"?>
<testsuite xmlns:xsi="http://www.w3.org/2001/XMLSchema-instance" xsi:noNamespaceSchemaLocation="https://maven.apache.org/surefire/maven-surefire-plugin/xsd/surefire-test-report.xsd" name="com.yx.pub.rpc.AppTest" time="0.052" tests="1" errors="0" skipped="0" failures="0">
  <properties>
    <property name="sun.desktop" value="windows"/>
    <property name="awt.toolkit" value="sun.awt.windows.WToolkit"/>
    <property name="file.encoding.pkg" value="sun.io"/>
    <property name="java.specification.version" value="1.8"/>
    <property name="sun.cpu.isalist" value="amd64"/>
    <property name="sun.jnu.encoding" value="GBK"/>
    <property name="java.class.path" value="D:\yxwork\rpc_api\target\test-classes;D:\yxwork\rpc_api\target\classes;D:\yxtools\apache-maven-3.0.4\repository\org\projectlombok\lombok\1.18.10\lombok-1.18.10.jar;D:\yxtools\apache-maven-3.0.4\repository\junit\junit\4.11\junit-4.11.jar;D:\yxtools\apache-maven-3.0.4\repository\org\hamcrest\hamcrest-core\1.3\hamcrest-core-1.3.jar;"/>
    <property name="java.vm.vendor" value="Oracle Corporation"/>
    <property name="sun.arch.data.model" value="64"/>
    <property name="user.variant" value=""/>
    <property name="java.vendor.url" value="http://java.oracle.com/"/>
    <property name="user.timezone" value="Asia/Shanghai"/>
    <property name="java.vm.specification.version" value="1.8"/>
    <property name="os.name" value="Windows 10"/>
    <property name="user.country" value="CN"/>
    <property name="sun.java.launcher" value="SUN_STANDARD"/>
    <property name="sun.boot.library.path" value="D:\yxtools\jdk\jdk1.8\jre\bin"/>
    <property name="sun.java.command" value="C:\Users\yangxin\AppData\Local\Temp\surefire6169730980933430286\surefirebooter8713505278940743569.jar C:\Users\yangxin\AppData\Local\Temp\surefire6169730980933430286 2019-11-09T15-07-14_976-jvmRun1 surefire3447380168335704671tmp surefire_06131632323276285503tmp"/>
    <property name="surefire.test.class.path" value="D:\yxwork\rpc_api\target\test-classes;D:\yxwork\rpc_api\target\classes;D:\yxtools\apache-maven-3.0.4\repository\org\projectlombok\lombok\1.18.10\lombok-1.18.10.jar;D:\yxtools\apache-maven-3.0.4\repository\junit\junit\4.11\junit-4.11.jar;D:\yxtools\apache-maven-3.0.4\repository\org\hamcrest\hamcrest-core\1.3\hamcrest-core-1.3.jar;"/>
    <property name="sun.cpu.endian" value="little"/>
    <property name="user.home" value="C:\Users\yangxin"/>
    <property name="user.language" value="zh"/>
    <property name="java.specification.vendor" value="Oracle Corporation"/>
    <property name="java.home" value="D:\yxtools\jdk\jdk1.8\jre"/>
    <property name="basedir" value="D:\yxwork\rpc_api"/>
    <property name="file.separator" value="\"/>
    <property name="line.separator" value="&#10;"/>
    <property name="java.vm.specification.vendor" value="Oracle Corporation"/>
    <property name="java.specification.name" value="Java Platform API Specification"/>
    <property name="java.awt.graphicsenv" value="sun.awt.Win32GraphicsEnvironment"/>
    <property name="surefire.real.class.path" value="C:\Users\yangxin\AppData\Local\Temp\surefire6169730980933430286\surefirebooter8713505278940743569.jar"/>
    <property name="sun.boot.class.path" value="D:\yxtools\jdk\jdk1.8\jre\lib\resources.jar;D:\yxtools\jdk\jdk1.8\jre\lib\rt.jar;D:\yxtools\jdk\jdk1.8\jre\lib\sunrsasign.jar;D:\yxtools\jdk\jdk1.8\jre\lib\jsse.jar;D:\yxtools\jdk\jdk1.8\jre\lib\jce.jar;D:\yxtools\jdk\jdk1.8\jre\lib\charsets.jar;D:\yxtools\jdk\jdk1.8\jre\lib\jfr.jar;D:\yxtools\jdk\jdk1.8\jre\classes"/>
    <property name="user.script" value=""/>
    <property name="sun.management.compiler" value="HotSpot 64-Bit Tiered Compilers"/>
    <property name="java.runtime.version" value="1.8.0_191-b12"/>
    <property name="user.name" value="yangxin"/>
    <property name="path.separator" value=";"/>
    <property name="os.version" value="10.0"/>
    <property name="java.endorsed.dirs" value="D:\yxtools\jdk\jdk1.8\jre\lib\endorsed"/>
    <property name="java.runtime.name" value="Java(TM) SE Runtime Environment"/>
    <property name="file.encoding" value="GBK"/>
    <property name="java.vm.name" value="Java HotSpot(TM) 64-Bit Server VM"/>
    <property name="localRepository" value="D:\yxtools\apache-maven-3.0.4\repository"/>
    <property name="java.vendor.url.bug" value="http://bugreport.sun.com/bugreport/"/>
    <property name="java.io.tmpdir" value="C:\Users\yangxin\AppData\Local\Temp\"/>
    <property name="java.version" value="1.8.0_191"/>
    <property name="user.dir" value="D:\yxwork\rpc_api"/>
    <property name="os.arch" value="amd64"/>
    <property name="java.vm.specification.name" value="Java Virtual Machine Specification"/>
    <property name="java.awt.printerjob" value="sun.awt.windows.WPrinterJob"/>
    <property name="sun.os.patch.level" value=""/>
    <property name="idea.version2019.1.1" value="true"/>
    <property name="java.library.path" value="D:\yxtools\jdk\jdk1.8\jre\bin;C:\WINDOWS\Sun\Java\bin;C:\WINDOWS\system32;C:\WINDOWS;C:\Program Files (x86)\NetSarang\Xshell 6\;C:\Windows\system32;C:\Windows;C:\Windows\System32\Wbem;C:\Windows\System32\WindowsPowerShell\v1.0\;C:\Windows\System32\OpenSSH\;C:\Program Files (x86)\NVIDIA Corporation\PhysX\Common;C:\Program Files\Git\cmd;C:\WINDOWS\system32;C:\WINDOWS;C:\WINDOWS\System32\Wbem;C:\WINDOWS\System32\WindowsPowerShell\v1.0\;C:\WINDOWS\System32\OpenSSH\;C:\Program Files\TortoiseSVN\bin;D:\yxtools\tools\apache-maven-3.0.4\bin;C:\Users\yangxin\AppData\Local\Microsoft\WindowsApps;D:\yxtools\jdk\jdk1.8\bin;D:\yxtools\apache-maven-3.6.1\bin;;."/>
    <property name="java.vm.info" value="mixed mode"/>
    <property name="java.vendor" value="Oracle Corporation"/>
    <property name="java.vm.version" value="25.191-b12"/>
    <property name="java.ext.dirs" value="D:\yxtools\jdk\jdk1.8\jre\lib\ext;C:\WINDOWS\Sun\Java\lib\ext"/>
    <property name="sun.io.unicode.encoding" value="UnicodeLittle"/>
    <property name="maven.repo.local" value="D:\yxtools\apache-maven-3.0.4\repository"/>
    <property name="java.class.version" value="52.0"/>
  </properties>
  <testcase name="shouldAnswerWithTrue" classname="com.yx.pub.rpc.AppTest" time="0.001"/>
</testsuite>